2022-12-10 17:20:27,234 [INFO ]  Starting training
2022-12-10 17:20:27,234 [INFO ]  Generation 1
2022-12-10 17:20:30,919 [WARNI]  5 out of the last 15 calls to <function Model.make_predict_function.<locals>.predict_function at 0x7fbbb5e43280> triggered tf.function retracing. Tracing is expensive and the excessive number of tracings could be due to (1) creating @tf.function repeatedly in a loop, (2) passing tensors with different shapes, (3) passing Python objects instead of tensors. For (1), please define your @tf.function outside of the loop. For (2), @tf.function has reduce_retracing=True option that can avoid unnecessary retracing. For (3), please refer to https://www.tensorflow.org/guide/function#controlling_retracing and https://www.tensorflow.org/api_docs/python/tf/function for  more details.
2022-12-10 17:20:31,618 [WARNI]  5 out of the last 13 calls to <function Model.make_predict_function.<locals>.predict_function at 0x7fbbb5d6c310> triggered tf.function retracing. Tracing is expensive and the excessive number of tracings could be due to (1) creating @tf.function repeatedly in a loop, (2) passing tensors with different shapes, (3) passing Python objects instead of tensors. For (1), please define your @tf.function outside of the loop. For (2), @tf.function has reduce_retracing=True option that can avoid unnecessary retracing. For (3), please refer to https://www.tensorflow.org/guide/function#controlling_retracing and https://www.tensorflow.org/api_docs/python/tf/function for  more details.
2022-12-10 17:20:31,954 [WARNI]  5 out of the last 20 calls to <function Model.make_predict_function.<locals>.predict_function at 0x7fbbb5d7c3a0> triggered tf.function retracing. Tracing is expensive and the excessive number of tracings could be due to (1) creating @tf.function repeatedly in a loop, (2) passing tensors with different shapes, (3) passing Python objects instead of tensors. For (1), please define your @tf.function outside of the loop. For (2), @tf.function has reduce_retracing=True option that can avoid unnecessary retracing. For (3), please refer to https://www.tensorflow.org/guide/function#controlling_retracing and https://www.tensorflow.org/api_docs/python/tf/function for  more details.
2022-12-10 17:20:32,619 [WARNI]  5 out of the last 13 calls to <function Model.make_predict_function.<locals>.predict_function at 0x7fbbb5ef7c10> triggered tf.function retracing. Tracing is expensive and the excessive number of tracings could be due to (1) creating @tf.function repeatedly in a loop, (2) passing tensors with different shapes, (3) passing Python objects instead of tensors. For (1), please define your @tf.function outside of the loop. For (2), @tf.function has reduce_retracing=True option that can avoid unnecessary retracing. For (3), please refer to https://www.tensorflow.org/guide/function#controlling_retracing and https://www.tensorflow.org/api_docs/python/tf/function for  more details.
2022-12-10 17:20:33,230 [WARNI]  5 out of the last 15 calls to <function Model.make_predict_function.<locals>.predict_function at 0x7fbbb5e3a820> triggered tf.function retracing. Tracing is expensive and the excessive number of tracings could be due to (1) creating @tf.function repeatedly in a loop, (2) passing tensors with different shapes, (3) passing Python objects instead of tensors. For (1), please define your @tf.function outside of the loop. For (2), @tf.function has reduce_retracing=True option that can avoid unnecessary retracing. For (3), please refer to https://www.tensorflow.org/guide/function#controlling_retracing and https://www.tensorflow.org/api_docs/python/tf/function for  more details.
2022-12-10 17:20:34,136 [WARNI]  5 out of the last 15 calls to <function Model.make_predict_function.<locals>.predict_function at 0x7fbbb5e361f0> triggered tf.function retracing. Tracing is expensive and the excessive number of tracings could be due to (1) creating @tf.function repeatedly in a loop, (2) passing tensors with different shapes, (3) passing Python objects instead of tensors. For (1), please define your @tf.function outside of the loop. For (2), @tf.function has reduce_retracing=True option that can avoid unnecessary retracing. For (3), please refer to https://www.tensorflow.org/guide/function#controlling_retracing and https://www.tensorflow.org/api_docs/python/tf/function for  more details.
2022-12-10 17:20:34,533 [WARNI]  5 out of the last 15 calls to <function Model.make_predict_function.<locals>.predict_function at 0x7fbbb5ddee50> triggered tf.function retracing. Tracing is expensive and the excessive number of tracings could be due to (1) creating @tf.function repeatedly in a loop, (2) passing tensors with different shapes, (3) passing Python objects instead of tensors. For (1), please define your @tf.function outside of the loop. For (2), @tf.function has reduce_retracing=True option that can avoid unnecessary retracing. For (3), please refer to https://www.tensorflow.org/guide/function#controlling_retracing and https://www.tensorflow.org/api_docs/python/tf/function for  more details.
2022-12-10 17:20:36,435 [WARNI]  5 out of the last 15 calls to <function Model.make_predict_function.<locals>.predict_function at 0x7fbbb5b950d0> triggered tf.function retracing. Tracing is expensive and the excessive number of tracings could be due to (1) creating @tf.function repeatedly in a loop, (2) passing tensors with different shapes, (3) passing Python objects instead of tensors. For (1), please define your @tf.function outside of the loop. For (2), @tf.function has reduce_retracing=True option that can avoid unnecessary retracing. For (3), please refer to https://www.tensorflow.org/guide/function#controlling_retracing and https://www.tensorflow.org/api_docs/python/tf/function for  more details.
2022-12-10 17:20:45,456 [WARNI]  5 out of the last 15 calls to <function Model.make_predict_function.<locals>.predict_function at 0x7fbbb728f430> triggered tf.function retracing. Tracing is expensive and the excessive number of tracings could be due to (1) creating @tf.function repeatedly in a loop, (2) passing tensors with different shapes, (3) passing Python objects instead of tensors. For (1), please define your @tf.function outside of the loop. For (2), @tf.function has reduce_retracing=True option that can avoid unnecessary retracing. For (3), please refer to https://www.tensorflow.org/guide/function#controlling_retracing and https://www.tensorflow.org/api_docs/python/tf/function for  more details.
2022-12-10 17:20:45,965 [WARNI]  5 out of the last 13 calls to <function Model.make_predict_function.<locals>.predict_function at 0x7fbbb70e4160> triggered tf.function retracing. Tracing is expensive and the excessive number of tracings could be due to (1) creating @tf.function repeatedly in a loop, (2) passing tensors with different shapes, (3) passing Python objects instead of tensors. For (1), please define your @tf.function outside of the loop. For (2), @tf.function has reduce_retracing=True option that can avoid unnecessary retracing. For (3), please refer to https://www.tensorflow.org/guide/function#controlling_retracing and https://www.tensorflow.org/api_docs/python/tf/function for  more details.
2022-12-10 17:20:46,076 [WARNI]  Compiled the loaded model, but the compiled metrics have yet to be built. `model.compile_metrics` will be empty until you train or evaluate the model.
2022-12-10 17:20:46,146 [WARNI]  5 out of the last 15 calls to <function Model.make_predict_function.<locals>.predict_function at 0x7fbbb5b930d0> triggered tf.function retracing. Tracing is expensive and the excessive number of tracings could be due to (1) creating @tf.function repeatedly in a loop, (2) passing tensors with different shapes, (3) passing Python objects instead of tensors. For (1), please define your @tf.function outside of the loop. For (2), @tf.function has reduce_retracing=True option that can avoid unnecessary retracing. For (3), please refer to https://www.tensorflow.org/guide/function#controlling_retracing and https://www.tensorflow.org/api_docs/python/tf/function for  more details.
2022-12-10 17:20:46,506 [WARNI]  Compiled the loaded model, but the compiled metrics have yet to be built. `model.compile_metrics` will be empty until you train or evaluate the model.
2022-12-10 17:20:47,590 [WARNI]  Compiled the loaded model, but the compiled metrics have yet to be built. `model.compile_metrics` will be empty until you train or evaluate the model.
2022-12-10 17:20:49,230 [WARNI]  Compiled the loaded model, but the compiled metrics have yet to be built. `model.compile_metrics` will be empty until you train or evaluate the model.
2022-12-10 17:20:49,782 [WARNI]  5 out of the last 15 calls to <function Model.make_predict_function.<locals>.predict_function at 0x7fbbb5c23790> triggered tf.function retracing. Tracing is expensive and the excessive number of tracings could be due to (1) creating @tf.function repeatedly in a loop, (2) passing tensors with different shapes, (3) passing Python objects instead of tensors. For (1), please define your @tf.function outside of the loop. For (2), @tf.function has reduce_retracing=True option that can avoid unnecessary retracing. For (3), please refer to https://www.tensorflow.org/guide/function#controlling_retracing and https://www.tensorflow.org/api_docs/python/tf/function for  more details.
2022-12-10 17:20:50,026 [WARNI]  Compiled the loaded model, but the compiled metrics have yet to be built. `model.compile_metrics` will be empty until you train or evaluate the model.
2022-12-10 17:20:50,202 [WARNI]  Compiled the loaded model, but the compiled metrics have yet to be built. `model.compile_metrics` will be empty until you train or evaluate the model.
2022-12-10 17:20:50,423 [WARNI]  Compiled the loaded model, but the compiled metrics have yet to be built. `model.compile_metrics` will be empty until you train or evaluate the model.
2022-12-10 17:20:51,929 [WARNI]  Compiled the loaded model, but the compiled metrics have yet to be built. `model.compile_metrics` will be empty until you train or evaluate the model.
2022-12-10 17:20:52,668 [WARNI]  Compiled the loaded model, but the compiled metrics have yet to be built. `model.compile_metrics` will be empty until you train or evaluate the model.
2022-12-10 17:20:52,693 [WARNI]  Compiled the loaded model, but the compiled metrics have yet to be built. `model.compile_metrics` will be empty until you train or evaluate the model.
2022-12-10 17:20:53,416 [WARNI]  Compiled the loaded model, but the compiled metrics have yet to be built. `model.compile_metrics` will be empty until you train or evaluate the model.
2022-12-10 17:20:53,656 [WARNI]  Compiled the loaded model, but the compiled metrics have yet to be built. `model.compile_metrics` will be empty until you train or evaluate the model.
2022-12-10 17:20:53,805 [WARNI]  Compiled the loaded model, but the compiled metrics have yet to be built. `model.compile_metrics` will be empty until you train or evaluate the model.
2022-12-10 17:20:53,937 [WARNI]  Compiled the loaded model, but the compiled metrics have yet to be built. `model.compile_metrics` will be empty until you train or evaluate the model.
2022-12-10 17:20:54,007 [WARNI]  Compiled the loaded model, but the compiled metrics have yet to be built. `model.compile_metrics` will be empty until you train or evaluate the model.
2022-12-10 17:20:54,370 [WARNI]  Compiled the loaded model, but the compiled metrics have yet to be built. `model.compile_metrics` will be empty until you train or evaluate the model.
2022-12-10 17:20:54,380 [WARNI]  Compiled the loaded model, but the compiled metrics have yet to be built. `model.compile_metrics` will be empty until you train or evaluate the model.
2022-12-10 17:20:55,971 [WARNI]  Compiled the loaded model, but the compiled metrics have yet to be built. `model.compile_metrics` will be empty until you train or evaluate the model.
2022-12-10 17:20:56,018 [WARNI]  Compiled the loaded model, but the compiled metrics have yet to be built. `model.compile_metrics` will be empty until you train or evaluate the model.
2022-12-10 17:20:58,767 [WARNI]  Compiled the loaded model, but the compiled metrics have yet to be built. `model.compile_metrics` will be empty until you train or evaluate the model.
2022-12-10 17:21:04,935 [WARNI]  Compiled the loaded model, but the compiled metrics have yet to be built. `model.compile_metrics` will be empty until you train or evaluate the model.
2022-12-10 17:21:05,073 [WARNI]  Compiled the loaded model, but the compiled metrics have yet to be built. `model.compile_metrics` will be empty until you train or evaluate the model.
2022-12-10 17:21:05,297 [INFO ]  Best fitness: [104.0, 100.5, 100.0, 53.5, 52.5, 52.0]
2022-12-10 17:21:05,490 [INFO ]  Generation 1 done in 38.25590682029724 seconds
2022-12-10 17:21:05,490 [INFO ]  Generation 2
2022-12-10 17:21:10,405 [WARNI]  5 out of the last 19 calls to <function Model.make_predict_function.<locals>.predict_function at 0x7fbbb64700d0> triggered tf.function retracing. Tracing is expensive and the excessive number of tracings could be due to (1) creating @tf.function repeatedly in a loop, (2) passing tensors with different shapes, (3) passing Python objects instead of tensors. For (1), please define your @tf.function outside of the loop. For (2), @tf.function has reduce_retracing=True option that can avoid unnecessary retracing. For (3), please refer to https://www.tensorflow.org/guide/function#controlling_retracing and https://www.tensorflow.org/api_docs/python/tf/function for  more details.
2022-12-10 17:21:10,729 [WARNI]  5 out of the last 15 calls to <function Model.make_predict_function.<locals>.predict_function at 0x7fbbb63d5550> triggered tf.function retracing. Tracing is expensive and the excessive number of tracings could be due to (1) creating @tf.function repeatedly in a loop, (2) passing tensors with different shapes, (3) passing Python objects instead of tensors. For (1), please define your @tf.function outside of the loop. For (2), @tf.function has reduce_retracing=True option that can avoid unnecessary retracing. For (3), please refer to https://www.tensorflow.org/guide/function#controlling_retracing and https://www.tensorflow.org/api_docs/python/tf/function for  more details.
2022-12-10 17:21:10,881 [WARNI]  5 out of the last 13 calls to <function Model.make_predict_function.<locals>.predict_function at 0x7fbbb63cb3a0> triggered tf.function retracing. Tracing is expensive and the excessive number of tracings could be due to (1) creating @tf.function repeatedly in a loop, (2) passing tensors with different shapes, (3) passing Python objects instead of tensors. For (1), please define your @tf.function outside of the loop. For (2), @tf.function has reduce_retracing=True option that can avoid unnecessary retracing. For (3), please refer to https://www.tensorflow.org/guide/function#controlling_retracing and https://www.tensorflow.org/api_docs/python/tf/function for  more details.
2022-12-10 17:21:11,165 [WARNI]  5 out of the last 15 calls to <function Model.make_predict_function.<locals>.predict_function at 0x7fbbb6432670> triggered tf.function retracing. Tracing is expensive and the excessive number of tracings could be due to (1) creating @tf.function repeatedly in a loop, (2) passing tensors with different shapes, (3) passing Python objects instead of tensors. For (1), please define your @tf.function outside of the loop. For (2), @tf.function has reduce_retracing=True option that can avoid unnecessary retracing. For (3), please refer to https://www.tensorflow.org/guide/function#controlling_retracing and https://www.tensorflow.org/api_docs/python/tf/function for  more details.
2022-12-10 17:21:11,653 [WARNI]  5 out of the last 16 calls to <function Model.make_predict_function.<locals>.predict_function at 0x7fbbb6415ee0> triggered tf.function retracing. Tracing is expensive and the excessive number of tracings could be due to (1) creating @tf.function repeatedly in a loop, (2) passing tensors with different shapes, (3) passing Python objects instead of tensors. For (1), please define your @tf.function outside of the loop. For (2), @tf.function has reduce_retracing=True option that can avoid unnecessary retracing. For (3), please refer to https://www.tensorflow.org/guide/function#controlling_retracing and https://www.tensorflow.org/api_docs/python/tf/function for  more details.
2022-12-10 17:21:12,337 [WARNI]  5 out of the last 13 calls to <function Model.make_predict_function.<locals>.predict_function at 0x7fbbb6388820> triggered tf.function retracing. Tracing is expensive and the excessive number of tracings could be due to (1) creating @tf.function repeatedly in a loop, (2) passing tensors with different shapes, (3) passing Python objects instead of tensors. For (1), please define your @tf.function outside of the loop. For (2), @tf.function has reduce_retracing=True option that can avoid unnecessary retracing. For (3), please refer to https://www.tensorflow.org/guide/function#controlling_retracing and https://www.tensorflow.org/api_docs/python/tf/function for  more details.
2022-12-10 17:21:14,537 [WARNI]  5 out of the last 15 calls to <function Model.make_predict_function.<locals>.predict_function at 0x7fbbb65a5e50> triggered tf.function retracing. Tracing is expensive and the excessive number of tracings could be due to (1) creating @tf.function repeatedly in a loop, (2) passing tensors with different shapes, (3) passing Python objects instead of tensors. For (1), please define your @tf.function outside of the loop. For (2), @tf.function has reduce_retracing=True option that can avoid unnecessary retracing. For (3), please refer to https://www.tensorflow.org/guide/function#controlling_retracing and https://www.tensorflow.org/api_docs/python/tf/function for  more details.
2022-12-10 17:21:15,065 [WARNI]  5 out of the last 13 calls to <function Model.make_predict_function.<locals>.predict_function at 0x7fbbb6494700> triggered tf.function retracing. Tracing is expensive and the excessive number of tracings could be due to (1) creating @tf.function repeatedly in a loop, (2) passing tensors with different shapes, (3) passing Python objects instead of tensors. For (1), please define your @tf.function outside of the loop. For (2), @tf.function has reduce_retracing=True option that can avoid unnecessary retracing. For (3), please refer to https://www.tensorflow.org/guide/function#controlling_retracing and https://www.tensorflow.org/api_docs/python/tf/function for  more details.
2022-12-10 17:21:15,098 [WARNI]  5 out of the last 22 calls to <function Model.make_predict_function.<locals>.predict_function at 0x7fbbb64ea5e0> triggered tf.function retracing. Tracing is expensive and the excessive number of tracings could be due to (1) creating @tf.function repeatedly in a loop, (2) passing tensors with different shapes, (3) passing Python objects instead of tensors. For (1), please define your @tf.function outside of the loop. For (2), @tf.function has reduce_retracing=True option that can avoid unnecessary retracing. For (3), please refer to https://www.tensorflow.org/guide/function#controlling_retracing and https://www.tensorflow.org/api_docs/python/tf/function for  more details.
2022-12-10 17:21:17,267 [WARNI]  5 out of the last 16 calls to <function Model.make_predict_function.<locals>.predict_function at 0x7fbbb62c6310> triggered tf.function retracing. Tracing is expensive and the excessive number of tracings could be due to (1) creating @tf.function repeatedly in a loop, (2) passing tensors with different shapes, (3) passing Python objects instead of tensors. For (1), please define your @tf.function outside of the loop. For (2), @tf.function has reduce_retracing=True option that can avoid unnecessary retracing. For (3), please refer to https://www.tensorflow.org/guide/function#controlling_retracing and https://www.tensorflow.org/api_docs/python/tf/function for  more details.
2022-12-10 17:21:17,269 [WARNI]  5 out of the last 20 calls to <function Model.make_predict_function.<locals>.predict_function at 0x7fbbb62c2310> triggered tf.function retracing. Tracing is expensive and the excessive number of tracings could be due to (1) creating @tf.function repeatedly in a loop, (2) passing tensors with different shapes, (3) passing Python objects instead of tensors. For (1), please define your @tf.function outside of the loop. For (2), @tf.function has reduce_retracing=True option that can avoid unnecessary retracing. For (3), please refer to https://www.tensorflow.org/guide/function#controlling_retracing and https://www.tensorflow.org/api_docs/python/tf/function for  more details.
2022-12-10 17:21:17,321 [WARNI]  5 out of the last 26 calls to <function Model.make_predict_function.<locals>.predict_function at 0x7fbbb62f3e50> triggered tf.function retracing. Tracing is expensive and the excessive number of tracings could be due to (1) creating @tf.function repeatedly in a loop, (2) passing tensors with different shapes, (3) passing Python objects instead of tensors. For (1), please define your @tf.function outside of the loop. For (2), @tf.function has reduce_retracing=True option that can avoid unnecessary retracing. For (3), please refer to https://www.tensorflow.org/guide/function#controlling_retracing and https://www.tensorflow.org/api_docs/python/tf/function for  more details.
2022-12-10 17:21:23,203 [WARNI]  Compiled the loaded model, but the compiled metrics have yet to be built. `model.compile_metrics` will be empty until you train or evaluate the model.
2022-12-10 17:21:24,652 [WARNI]  Compiled the loaded model, but the compiled metrics have yet to be built. `model.compile_metrics` will be empty until you train or evaluate the model.
2022-12-10 17:21:24,671 [WARNI]  Compiled the loaded model, but the compiled metrics have yet to be built. `model.compile_metrics` will be empty until you train or evaluate the model.
2022-12-10 17:21:25,052 [WARNI]  Compiled the loaded model, but the compiled metrics have yet to be built. `model.compile_metrics` will be empty until you train or evaluate the model.
2022-12-10 17:21:29,458 [WARNI]  Compiled the loaded model, but the compiled metrics have yet to be built. `model.compile_metrics` will be empty until you train or evaluate the model.
2022-12-10 17:21:29,839 [WARNI]  Compiled the loaded model, but the compiled metrics have yet to be built. `model.compile_metrics` will be empty until you train or evaluate the model.
2022-12-10 17:21:30,116 [WARNI]  Compiled the loaded model, but the compiled metrics have yet to be built. `model.compile_metrics` will be empty until you train or evaluate the model.
2022-12-10 17:21:30,257 [WARNI]  Compiled the loaded model, but the compiled metrics have yet to be built. `model.compile_metrics` will be empty until you train or evaluate the model.
2022-12-10 17:21:30,457 [WARNI]  5 out of the last 61 calls to <function Model.make_predict_function.<locals>.predict_function at 0x7fbbb63691f0> triggered tf.function retracing. Tracing is expensive and the excessive number of tracings could be due to (1) creating @tf.function repeatedly in a loop, (2) passing tensors with different shapes, (3) passing Python objects instead of tensors. For (1), please define your @tf.function outside of the loop. For (2), @tf.function has reduce_retracing=True option that can avoid unnecessary retracing. For (3), please refer to https://www.tensorflow.org/guide/function#controlling_retracing and https://www.tensorflow.org/api_docs/python/tf/function for  more details.
2022-12-10 17:21:30,605 [WARNI]  Compiled the loaded model, but the compiled metrics have yet to be built. `model.compile_metrics` will be empty until you train or evaluate the model.
2022-12-10 17:21:30,885 [WARNI]  5 out of the last 13 calls to <function Model.make_predict_function.<locals>.predict_function at 0x7fbbb5ffb8b0> triggered tf.function retracing. Tracing is expensive and the excessive number of tracings could be due to (1) creating @tf.function repeatedly in a loop, (2) passing tensors with different shapes, (3) passing Python objects instead of tensors. For (1), please define your @tf.function outside of the loop. For (2), @tf.function has reduce_retracing=True option that can avoid unnecessary retracing. For (3), please refer to https://www.tensorflow.org/guide/function#controlling_retracing and https://www.tensorflow.org/api_docs/python/tf/function for  more details.
2022-12-10 17:21:31,455 [WARNI]  Compiled the loaded model, but the compiled metrics have yet to be built. `model.compile_metrics` will be empty until you train or evaluate the model.
2022-12-10 17:21:32,294 [WARNI]  Compiled the loaded model, but the compiled metrics have yet to be built. `model.compile_metrics` will be empty until you train or evaluate the model.
2022-12-10 17:21:33,341 [WARNI]  Compiled the loaded model, but the compiled metrics have yet to be built. `model.compile_metrics` will be empty until you train or evaluate the model.
2022-12-10 17:21:33,710 [WARNI]  Compiled the loaded model, but the compiled metrics have yet to be built. `model.compile_metrics` will be empty until you train or evaluate the model.
2022-12-10 17:21:34,119 [WARNI]  Compiled the loaded model, but the compiled metrics have yet to be built. `model.compile_metrics` will be empty until you train or evaluate the model.
2022-12-10 17:21:35,697 [WARNI]  Compiled the loaded model, but the compiled metrics have yet to be built. `model.compile_metrics` will be empty until you train or evaluate the model.
2022-12-10 17:21:36,774 [WARNI]  Compiled the loaded model, but the compiled metrics have yet to be built. `model.compile_metrics` will be empty until you train or evaluate the model.
2022-12-10 17:21:41,988 [WARNI]  Compiled the loaded model, but the compiled metrics have yet to be built. `model.compile_metrics` will be empty until you train or evaluate the model.
2022-12-10 17:21:43,838 [WARNI]  Compiled the loaded model, but the compiled metrics have yet to be built. `model.compile_metrics` will be empty until you train or evaluate the model.
2022-12-10 17:21:44,065 [INFO ]  Best fitness: [106.5, 58.5, 52.5, 52.0, 51.5, 51.5]
2022-12-10 17:21:44,193 [INFO ]  Generation 2 done in 38.70229387283325 seconds
2022-12-10 17:21:44,193 [INFO ]  Generation 3
2022-12-10 17:21:47,639 [WARNI]  5 out of the last 13 calls to <function Model.make_predict_function.<locals>.predict_function at 0x7fbbb644a670> triggered tf.function retracing. Tracing is expensive and the excessive number of tracings could be due to (1) creating @tf.function repeatedly in a loop, (2) passing tensors with different shapes, (3) passing Python objects instead of tensors. For (1), please define your @tf.function outside of the loop. For (2), @tf.function has reduce_retracing=True option that can avoid unnecessary retracing. For (3), please refer to https://www.tensorflow.org/guide/function#controlling_retracing and https://www.tensorflow.org/api_docs/python/tf/function for  more details.
2022-12-10 17:21:48,265 [WARNI]  5 out of the last 13 calls to <function Model.make_predict_function.<locals>.predict_function at 0x7fbbb644adc0> triggered tf.function retracing. Tracing is expensive and the excessive number of tracings could be due to (1) creating @tf.function repeatedly in a loop, (2) passing tensors with different shapes, (3) passing Python objects instead of tensors. For (1), please define your @tf.function outside of the loop. For (2), @tf.function has reduce_retracing=True option that can avoid unnecessary retracing. For (3), please refer to https://www.tensorflow.org/guide/function#controlling_retracing and https://www.tensorflow.org/api_docs/python/tf/function for  more details.
2022-12-10 17:22:17,397 [WARNI]  Compiled the loaded model, but the compiled metrics have yet to be built. `model.compile_metrics` will be empty until you train or evaluate the model.
2022-12-10 17:22:17,519 [WARNI]  Compiled the loaded model, but the compiled metrics have yet to be built. `model.compile_metrics` will be empty until you train or evaluate the model.
2022-12-10 17:22:17,763 [WARNI]  Compiled the loaded model, but the compiled metrics have yet to be built. `model.compile_metrics` will be empty until you train or evaluate the model.
2022-12-10 17:22:18,309 [WARNI]  Compiled the loaded model, but the compiled metrics have yet to be built. `model.compile_metrics` will be empty until you train or evaluate the model.
2022-12-10 17:22:21,567 [WARNI]  Compiled the loaded model, but the compiled metrics have yet to be built. `model.compile_metrics` will be empty until you train or evaluate the model.
2022-12-10 17:22:26,507 [WARNI]  Compiled the loaded model, but the compiled metrics have yet to be built. `model.compile_metrics` will be empty until you train or evaluate the model.
2022-12-10 17:22:28,171 [WARNI]  Compiled the loaded model, but the compiled metrics have yet to be built. `model.compile_metrics` will be empty until you train or evaluate the model.
2022-12-10 17:22:29,880 [WARNI]  Compiled the loaded model, but the compiled metrics have yet to be built. `model.compile_metrics` will be empty until you train or evaluate the model.
2022-12-10 17:22:30,382 [WARNI]  Compiled the loaded model, but the compiled metrics have yet to be built. `model.compile_metrics` will be empty until you train or evaluate the model.
2022-12-10 17:22:30,616 [WARNI]  Compiled the loaded model, but the compiled metrics have yet to be built. `model.compile_metrics` will be empty until you train or evaluate the model.
2022-12-10 17:22:32,074 [WARNI]  Compiled the loaded model, but the compiled metrics have yet to be built. `model.compile_metrics` will be empty until you train or evaluate the model.
2022-12-10 17:22:34,248 [WARNI]  Compiled the loaded model, but the compiled metrics have yet to be built. `model.compile_metrics` will be empty until you train or evaluate the model.
2022-12-10 17:22:34,498 [INFO ]  Best fitness: [219.0, 117.5, 113.0, 104.5, 97.0, 96.5]
2022-12-10 17:22:34,635 [INFO ]  Generation 3 done in 50.44212555885315 seconds
2022-12-10 17:22:34,635 [INFO ]  Generation 4
2022-12-10 17:23:22,931 [WARNI]  Compiled the loaded model, but the compiled metrics have yet to be built. `model.compile_metrics` will be empty until you train or evaluate the model.
2022-12-10 17:23:26,562 [WARNI]  Compiled the loaded model, but the compiled metrics have yet to be built. `model.compile_metrics` will be empty until you train or evaluate the model.
2022-12-10 17:23:26,688 [WARNI]  Compiled the loaded model, but the compiled metrics have yet to be built. `model.compile_metrics` will be empty until you train or evaluate the model.
2022-12-10 17:23:32,208 [WARNI]  Compiled the loaded model, but the compiled metrics have yet to be built. `model.compile_metrics` will be empty until you train or evaluate the model.
2022-12-10 17:23:36,625 [WARNI]  Compiled the loaded model, but the compiled metrics have yet to be built. `model.compile_metrics` will be empty until you train or evaluate the model.
2022-12-10 17:23:37,457 [WARNI]  Compiled the loaded model, but the compiled metrics have yet to be built. `model.compile_metrics` will be empty until you train or evaluate the model.
2022-12-10 17:23:37,647 [WARNI]  Compiled the loaded model, but the compiled metrics have yet to be built. `model.compile_metrics` will be empty until you train or evaluate the model.
2022-12-10 17:23:40,015 [WARNI]  Compiled the loaded model, but the compiled metrics have yet to be built. `model.compile_metrics` will be empty until you train or evaluate the model.
2022-12-10 17:23:43,186 [WARNI]  Compiled the loaded model, but the compiled metrics have yet to be built. `model.compile_metrics` will be empty until you train or evaluate the model.
2022-12-10 17:23:44,096 [WARNI]  Compiled the loaded model, but the compiled metrics have yet to be built. `model.compile_metrics` will be empty until you train or evaluate the model.
2022-12-10 17:23:50,227 [WARNI]  Compiled the loaded model, but the compiled metrics have yet to be built. `model.compile_metrics` will be empty until you train or evaluate the model.
2022-12-10 17:23:52,476 [WARNI]  Compiled the loaded model, but the compiled metrics have yet to be built. `model.compile_metrics` will be empty until you train or evaluate the model.
2022-12-10 17:24:00,328 [WARNI]  Compiled the loaded model, but the compiled metrics have yet to be built. `model.compile_metrics` will be empty until you train or evaluate the model.
2022-12-10 17:24:00,773 [INFO ]  Best fitness: [342.0, 216.0, 206.0, 199.0, 198.0, 141.5]
2022-12-10 17:24:00,931 [INFO ]  Generation 4 done in 86.29637360572815 seconds
2022-12-10 17:24:00,932 [INFO ]  Generation 5
2022-12-10 17:25:23,114 [WARNI]  Compiled the loaded model, but the compiled metrics have yet to be built. `model.compile_metrics` will be empty until you train or evaluate the model.
2022-12-10 17:25:32,771 [WARNI]  Compiled the loaded model, but the compiled metrics have yet to be built. `model.compile_metrics` will be empty until you train or evaluate the model.
2022-12-10 17:25:36,030 [WARNI]  Compiled the loaded model, but the compiled metrics have yet to be built. `model.compile_metrics` will be empty until you train or evaluate the model.
2022-12-10 17:25:40,545 [WARNI]  Compiled the loaded model, but the compiled metrics have yet to be built. `model.compile_metrics` will be empty until you train or evaluate the model.
2022-12-10 17:25:42,458 [WARNI]  Compiled the loaded model, but the compiled metrics have yet to be built. `model.compile_metrics` will be empty until you train or evaluate the model.
2022-12-10 17:25:49,232 [WARNI]  Compiled the loaded model, but the compiled metrics have yet to be built. `model.compile_metrics` will be empty until you train or evaluate the model.
2022-12-10 17:25:49,681 [WARNI]  Compiled the loaded model, but the compiled metrics have yet to be built. `model.compile_metrics` will be empty until you train or evaluate the model.
2022-12-10 17:25:50,110 [WARNI]  Compiled the loaded model, but the compiled metrics have yet to be built. `model.compile_metrics` will be empty until you train or evaluate the model.
2022-12-10 17:25:50,269 [WARNI]  Compiled the loaded model, but the compiled metrics have yet to be built. `model.compile_metrics` will be empty until you train or evaluate the model.
2022-12-10 17:26:02,857 [WARNI]  Compiled the loaded model, but the compiled metrics have yet to be built. `model.compile_metrics` will be empty until you train or evaluate the model.
2022-12-10 17:26:05,580 [WARNI]  Compiled the loaded model, but the compiled metrics have yet to be built. `model.compile_metrics` will be empty until you train or evaluate the model.
2022-12-10 17:26:12,413 [INFO ]  Best fitness: [466.5, 357.5, 328.5, 279.5, 273.5, 245.5]
2022-12-10 17:26:12,596 [INFO ]  Generation 5 done in 131.66414976119995 seconds
2022-12-10 17:26:12,596 [INFO ]  Generation 6
2022-12-10 17:28:03,480 [WARNI]  Compiled the loaded model, but the compiled metrics have yet to be built. `model.compile_metrics` will be empty until you train or evaluate the model.
2022-12-10 17:28:20,040 [WARNI]  Compiled the loaded model, but the compiled metrics have yet to be built. `model.compile_metrics` will be empty until you train or evaluate the model.
2022-12-10 17:28:20,687 [WARNI]  Compiled the loaded model, but the compiled metrics have yet to be built. `model.compile_metrics` will be empty until you train or evaluate the model.
2022-12-10 17:28:25,410 [WARNI]  Compiled the loaded model, but the compiled metrics have yet to be built. `model.compile_metrics` will be empty until you train or evaluate the model.
2022-12-10 17:28:30,005 [WARNI]  Compiled the loaded model, but the compiled metrics have yet to be built. `model.compile_metrics` will be empty until you train or evaluate the model.
2022-12-10 17:28:32,681 [WARNI]  Compiled the loaded model, but the compiled metrics have yet to be built. `model.compile_metrics` will be empty until you train or evaluate the model.
2022-12-10 17:28:41,185 [WARNI]  Compiled the loaded model, but the compiled metrics have yet to be built. `model.compile_metrics` will be empty until you train or evaluate the model.
2022-12-10 17:29:01,735 [WARNI]  Compiled the loaded model, but the compiled metrics have yet to be built. `model.compile_metrics` will be empty until you train or evaluate the model.
2022-12-10 17:29:06,741 [WARNI]  Compiled the loaded model, but the compiled metrics have yet to be built. `model.compile_metrics` will be empty until you train or evaluate the model.
2022-12-10 17:29:07,593 [INFO ]  Best fitness: [1029.0, 903.0, 889.0, 635.0, 598.5, 570.0]
2022-12-10 17:29:07,802 [INFO ]  Generation 6 done in 175.20596504211426 seconds
2022-12-10 17:29:07,802 [INFO ]  Generation 7
2022-12-10 17:31:05,701 [WARNI]  Compiled the loaded model, but the compiled metrics have yet to be built. `model.compile_metrics` will be empty until you train or evaluate the model.
2022-12-10 17:31:07,778 [WARNI]  Compiled the loaded model, but the compiled metrics have yet to be built. `model.compile_metrics` will be empty until you train or evaluate the model.
2022-12-10 17:31:11,511 [WARNI]  Compiled the loaded model, but the compiled metrics have yet to be built. `model.compile_metrics` will be empty until you train or evaluate the model.
2022-12-10 17:31:15,871 [WARNI]  Compiled the loaded model, but the compiled metrics have yet to be built. `model.compile_metrics` will be empty until you train or evaluate the model.
2022-12-10 17:31:19,198 [WARNI]  Compiled the loaded model, but the compiled metrics have yet to be built. `model.compile_metrics` will be empty until you train or evaluate the model.
2022-12-10 17:31:23,035 [WARNI]  Compiled the loaded model, but the compiled metrics have yet to be built. `model.compile_metrics` will be empty until you train or evaluate the model.
2022-12-10 17:31:26,716 [WARNI]  Compiled the loaded model, but the compiled metrics have yet to be built. `model.compile_metrics` will be empty until you train or evaluate the model.
2022-12-10 17:31:28,839 [WARNI]  Compiled the loaded model, but the compiled metrics have yet to be built. `model.compile_metrics` will be empty until you train or evaluate the model.
2022-12-10 17:31:30,249 [WARNI]  Compiled the loaded model, but the compiled metrics have yet to be built. `model.compile_metrics` will be empty until you train or evaluate the model.
2022-12-10 17:31:35,531 [WARNI]  Compiled the loaded model, but the compiled metrics have yet to be built. `model.compile_metrics` will be empty until you train or evaluate the model.
2022-12-10 17:31:43,562 [WARNI]  Compiled the loaded model, but the compiled metrics have yet to be built. `model.compile_metrics` will be empty until you train or evaluate the model.
2022-12-10 17:31:49,395 [WARNI]  Compiled the loaded model, but the compiled metrics have yet to be built. `model.compile_metrics` will be empty until you train or evaluate the model.
2022-12-10 17:31:57,659 [WARNI]  Compiled the loaded model, but the compiled metrics have yet to be built. `model.compile_metrics` will be empty until you train or evaluate the model.
2022-12-10 17:32:02,049 [INFO ]  Best fitness: [1054.0, 1016.5, 899.5, 871.5, 837.5, 837.0]
2022-12-10 17:32:02,289 [INFO ]  Generation 7 done in 174.48734498023987 seconds
2022-12-10 17:32:02,290 [INFO ]  Generation 8
2022-12-10 17:34:01,249 [WARNI]  Compiled the loaded model, but the compiled metrics have yet to be built. `model.compile_metrics` will be empty until you train or evaluate the model.
2022-12-10 17:34:04,906 [WARNI]  Compiled the loaded model, but the compiled metrics have yet to be built. `model.compile_metrics` will be empty until you train or evaluate the model.
2022-12-10 17:34:21,294 [WARNI]  Compiled the loaded model, but the compiled metrics have yet to be built. `model.compile_metrics` will be empty until you train or evaluate the model.
2022-12-10 17:34:29,775 [WARNI]  Compiled the loaded model, but the compiled metrics have yet to be built. `model.compile_metrics` will be empty until you train or evaluate the model.
2022-12-10 17:34:38,076 [WARNI]  Compiled the loaded model, but the compiled metrics have yet to be built. `model.compile_metrics` will be empty until you train or evaluate the model.
2022-12-10 17:34:38,382 [WARNI]  Compiled the loaded model, but the compiled metrics have yet to be built. `model.compile_metrics` will be empty until you train or evaluate the model.
2022-12-10 17:34:39,580 [WARNI]  Compiled the loaded model, but the compiled metrics have yet to be built. `model.compile_metrics` will be empty until you train or evaluate the model.
2022-12-10 17:34:44,578 [WARNI]  Compiled the loaded model, but the compiled metrics have yet to be built. `model.compile_metrics` will be empty until you train or evaluate the model.
2022-12-10 17:34:45,535 [WARNI]  Compiled the loaded model, but the compiled metrics have yet to be built. `model.compile_metrics` will be empty until you train or evaluate the model.
2022-12-10 17:35:13,130 [WARNI]  Compiled the loaded model, but the compiled metrics have yet to be built. `model.compile_metrics` will be empty until you train or evaluate the model.
2022-12-10 17:35:19,278 [WARNI]  Compiled the loaded model, but the compiled metrics have yet to be built. `model.compile_metrics` will be empty until you train or evaluate the model.
2022-12-10 17:35:30,288 [WARNI]  Compiled the loaded model, but the compiled metrics have yet to be built. `model.compile_metrics` will be empty until you train or evaluate the model.
2022-12-10 17:35:31,265 [INFO ]  Best fitness: [1268.0, 1146.0, 1022.0, 996.5, 987.0, 983.5]
2022-12-10 17:35:31,551 [INFO ]  Generation 8 done in 209.2610878944397 seconds
2022-12-10 17:35:31,551 [INFO ]  Generation 9
2022-12-10 17:38:29,409 [WARNI]  Compiled the loaded model, but the compiled metrics have yet to be built. `model.compile_metrics` will be empty until you train or evaluate the model.
2022-12-10 17:38:50,346 [WARNI]  Compiled the loaded model, but the compiled metrics have yet to be built. `model.compile_metrics` will be empty until you train or evaluate the model.
2022-12-10 17:38:56,250 [WARNI]  Compiled the loaded model, but the compiled metrics have yet to be built. `model.compile_metrics` will be empty until you train or evaluate the model.
2022-12-10 17:39:18,191 [WARNI]  Compiled the loaded model, but the compiled metrics have yet to be built. `model.compile_metrics` will be empty until you train or evaluate the model.
2022-12-10 17:39:28,755 [WARNI]  Compiled the loaded model, but the compiled metrics have yet to be built. `model.compile_metrics` will be empty until you train or evaluate the model.
2022-12-10 17:39:31,405 [WARNI]  Compiled the loaded model, but the compiled metrics have yet to be built. `model.compile_metrics` will be empty until you train or evaluate the model.
2022-12-10 17:39:51,472 [WARNI]  Compiled the loaded model, but the compiled metrics have yet to be built. `model.compile_metrics` will be empty until you train or evaluate the model.
2022-12-10 17:39:52,084 [WARNI]  Compiled the loaded model, but the compiled metrics have yet to be built. `model.compile_metrics` will be empty until you train or evaluate the model.
2022-12-10 17:40:10,030 [WARNI]  Compiled the loaded model, but the compiled metrics have yet to be built. `model.compile_metrics` will be empty until you train or evaluate the model.
2022-12-10 17:40:29,729 [INFO ]  Best fitness: [1109.0, 1097.5, 1072.5, 1058.5, 1057.0, 1014.5]
2022-12-10 17:40:30,053 [INFO ]  Generation 9 done in 298.5022714138031 seconds
2022-12-10 17:40:30,053 [INFO ]  Generation 10
2022-12-10 17:40:48,097 [WARNI]  5 out of the last 42 calls to <function Model.make_predict_function.<locals>.predict_function at 0x7fbbb64b4ee0> triggered tf.function retracing. Tracing is expensive and the excessive number of tracings could be due to (1) creating @tf.function repeatedly in a loop, (2) passing tensors with different shapes, (3) passing Python objects instead of tensors. For (1), please define your @tf.function outside of the loop. For (2), @tf.function has reduce_retracing=True option that can avoid unnecessary retracing. For (3), please refer to https://www.tensorflow.org/guide/function#controlling_retracing and https://www.tensorflow.org/api_docs/python/tf/function for  more details.
2022-12-10 17:41:32,653 [WARNI]  5 out of the last 61 calls to <function Model.make_predict_function.<locals>.predict_function at 0x7fbbb5e51040> triggered tf.function retracing. Tracing is expensive and the excessive number of tracings could be due to (1) creating @tf.function repeatedly in a loop, (2) passing tensors with different shapes, (3) passing Python objects instead of tensors. For (1), please define your @tf.function outside of the loop. For (2), @tf.function has reduce_retracing=True option that can avoid unnecessary retracing. For (3), please refer to https://www.tensorflow.org/guide/function#controlling_retracing and https://www.tensorflow.org/api_docs/python/tf/function for  more details.
2022-12-10 17:42:21,172 [WARNI]  5 out of the last 322 calls to <function Model.make_predict_function.<locals>.predict_function at 0x7fbbb5e26ee0> triggered tf.function retracing. Tracing is expensive and the excessive number of tracings could be due to (1) creating @tf.function repeatedly in a loop, (2) passing tensors with different shapes, (3) passing Python objects instead of tensors. For (1), please define your @tf.function outside of the loop. For (2), @tf.function has reduce_retracing=True option that can avoid unnecessary retracing. For (3), please refer to https://www.tensorflow.org/guide/function#controlling_retracing and https://www.tensorflow.org/api_docs/python/tf/function for  more details.
2022-12-10 17:42:21,756 [WARNI]  5 out of the last 13 calls to <function Model.make_predict_function.<locals>.predict_function at 0x7fbbb5e260d0> triggered tf.function retracing. Tracing is expensive and the excessive number of tracings could be due to (1) creating @tf.function repeatedly in a loop, (2) passing tensors with different shapes, (3) passing Python objects instead of tensors. For (1), please define your @tf.function outside of the loop. For (2), @tf.function has reduce_retracing=True option that can avoid unnecessary retracing. For (3), please refer to https://www.tensorflow.org/guide/function#controlling_retracing and https://www.tensorflow.org/api_docs/python/tf/function for  more details.
2022-12-10 17:42:38,917 [WARNI]  5 out of the last 220 calls to <function Model.make_predict_function.<locals>.predict_function at 0x7fbbb62273a0> triggered tf.function retracing. Tracing is expensive and the excessive number of tracings could be due to (1) creating @tf.function repeatedly in a loop, (2) passing tensors with different shapes, (3) passing Python objects instead of tensors. For (1), please define your @tf.function outside of the loop. For (2), @tf.function has reduce_retracing=True option that can avoid unnecessary retracing. For (3), please refer to https://www.tensorflow.org/guide/function#controlling_retracing and https://www.tensorflow.org/api_docs/python/tf/function for  more details.
2022-12-10 17:42:39,512 [WARNI]  5 out of the last 13 calls to <function Model.make_predict_function.<locals>.predict_function at 0x7fbbb6227280> triggered tf.function retracing. Tracing is expensive and the excessive number of tracings could be due to (1) creating @tf.function repeatedly in a loop, (2) passing tensors with different shapes, (3) passing Python objects instead of tensors. For (1), please define your @tf.function outside of the loop. For (2), @tf.function has reduce_retracing=True option that can avoid unnecessary retracing. For (3), please refer to https://www.tensorflow.org/guide/function#controlling_retracing and https://www.tensorflow.org/api_docs/python/tf/function for  more details.
2022-12-10 17:42:47,169 [WARNI]  Compiled the loaded model, but the compiled metrics have yet to be built. `model.compile_metrics` will be empty until you train or evaluate the model.
2022-12-10 17:43:34,977 [WARNI]  Compiled the loaded model, but the compiled metrics have yet to be built. `model.compile_metrics` will be empty until you train or evaluate the model.
2022-12-10 17:43:44,230 [WARNI]  Compiled the loaded model, but the compiled metrics have yet to be built. `model.compile_metrics` will be empty until you train or evaluate the model.
2022-12-10 17:43:48,548 [WARNI]  Compiled the loaded model, but the compiled metrics have yet to be built. `model.compile_metrics` will be empty until you train or evaluate the model.
2022-12-10 17:44:12,631 [WARNI]  Compiled the loaded model, but the compiled metrics have yet to be built. `model.compile_metrics` will be empty until you train or evaluate the model.
2022-12-10 17:44:39,759 [WARNI]  Compiled the loaded model, but the compiled metrics have yet to be built. `model.compile_metrics` will be empty until you train or evaluate the model.
2022-12-10 17:44:40,982 [INFO ]  Best fitness: [1298.0, 1218.5, 1195.5, 1123.0, 1087.0, 1057.0]
2022-12-10 17:44:41,349 [INFO ]  Generation 10 done in 251.29524207115173 seconds
2022-12-10 17:44:41,349 [INFO ]  Generation 11
2022-12-10 17:46:44,704 [WARNI]  5 out of the last 206 calls to <function Model.make_predict_function.<locals>.predict_function at 0x7fbbb5c11040> triggered tf.function retracing. Tracing is expensive and the excessive number of tracings could be due to (1) creating @tf.function repeatedly in a loop, (2) passing tensors with different shapes, (3) passing Python objects instead of tensors. For (1), please define your @tf.function outside of the loop. For (2), @tf.function has reduce_retracing=True option that can avoid unnecessary retracing. For (3), please refer to https://www.tensorflow.org/guide/function#controlling_retracing and https://www.tensorflow.org/api_docs/python/tf/function for  more details.
2022-12-10 17:47:13,406 [WARNI]  Compiled the loaded model, but the compiled metrics have yet to be built. `model.compile_metrics` will be empty until you train or evaluate the model.
2022-12-10 17:47:46,427 [WARNI]  Compiled the loaded model, but the compiled metrics have yet to be built. `model.compile_metrics` will be empty until you train or evaluate the model.
2022-12-10 17:47:48,917 [WARNI]  Compiled the loaded model, but the compiled metrics have yet to be built. `model.compile_metrics` will be empty until you train or evaluate the model.
2022-12-10 17:47:54,574 [WARNI]  Compiled the loaded model, but the compiled metrics have yet to be built. `model.compile_metrics` will be empty until you train or evaluate the model.
2022-12-10 17:47:57,945 [WARNI]  Compiled the loaded model, but the compiled metrics have yet to be built. `model.compile_metrics` will be empty until you train or evaluate the model.
2022-12-10 17:48:18,221 [WARNI]  Compiled the loaded model, but the compiled metrics have yet to be built. `model.compile_metrics` will be empty until you train or evaluate the model.
2022-12-10 17:48:59,674 [WARNI]  Compiled the loaded model, but the compiled metrics have yet to be built. `model.compile_metrics` will be empty until you train or evaluate the model.
2022-12-10 17:49:11,322 [INFO ]  Best fitness: [1178.0, 1129.5, 1099.0, 1097.0, 1071.0, 1049.0]
2022-12-10 17:49:11,745 [INFO ]  Generation 11 done in 270.39587235450745 seconds
2022-12-10 17:49:11,745 [INFO ]  Generation 12
2022-12-10 17:51:49,623 [WARNI]  Compiled the loaded model, but the compiled metrics have yet to be built. `model.compile_metrics` will be empty until you train or evaluate the model.
2022-12-10 17:51:53,986 [WARNI]  5 out of the last 61 calls to <function Model.make_predict_function.<locals>.predict_function at 0x7fbbb62715e0> triggered tf.function retracing. Tracing is expensive and the excessive number of tracings could be due to (1) creating @tf.function repeatedly in a loop, (2) passing tensors with different shapes, (3) passing Python objects instead of tensors. For (1), please define your @tf.function outside of the loop. For (2), @tf.function has reduce_retracing=True option that can avoid unnecessary retracing. For (3), please refer to https://www.tensorflow.org/guide/function#controlling_retracing and https://www.tensorflow.org/api_docs/python/tf/function for  more details.
2022-12-10 17:52:10,329 [WARNI]  Compiled the loaded model, but the compiled metrics have yet to be built. `model.compile_metrics` will be empty until you train or evaluate the model.
2022-12-10 17:52:22,450 [WARNI]  Compiled the loaded model, but the compiled metrics have yet to be built. `model.compile_metrics` will be empty until you train or evaluate the model.
2022-12-10 17:53:06,942 [INFO ]  Best fitness: [1236.5, 1174.0, 1144.0, 1094.5, 1062.0, 991.5]
2022-12-10 17:53:07,417 [INFO ]  Generation 12 done in 235.67204022407532 seconds
2022-12-10 17:53:07,417 [INFO ]  Generation 13
2022-12-10 17:56:27,946 [WARNI]  Compiled the loaded model, but the compiled metrics have yet to be built. `model.compile_metrics` will be empty until you train or evaluate the model.
2022-12-10 17:56:47,061 [WARNI]  Compiled the loaded model, but the compiled metrics have yet to be built. `model.compile_metrics` will be empty until you train or evaluate the model.
2022-12-10 17:56:47,523 [WARNI]  Compiled the loaded model, but the compiled metrics have yet to be built. `model.compile_metrics` will be empty until you train or evaluate the model.
2022-12-10 17:56:58,582 [WARNI]  Compiled the loaded model, but the compiled metrics have yet to be built. `model.compile_metrics` will be empty until you train or evaluate the model.
2022-12-10 17:57:52,562 [INFO ]  Best fitness: [1237.5, 1195.5, 1170.0, 1154.0, 1095.0, 1090.0]
2022-12-10 17:57:53,098 [INFO ]  Generation 13 done in 285.6809275150299 seconds
2022-12-10 17:57:53,098 [INFO ]  Generation 14
2022-12-10 17:58:42,780 [WARNI]  5 out of the last 21 calls to <function Model.make_predict_function.<locals>.predict_function at 0x7fbbb5df10d0> triggered tf.function retracing. Tracing is expensive and the excessive number of tracings could be due to (1) creating @tf.function repeatedly in a loop, (2) passing tensors with different shapes, (3) passing Python objects instead of tensors. For (1), please define your @tf.function outside of the loop. For (2), @tf.function has reduce_retracing=True option that can avoid unnecessary retracing. For (3), please refer to https://www.tensorflow.org/guide/function#controlling_retracing and https://www.tensorflow.org/api_docs/python/tf/function for  more details.
2022-12-10 17:58:43,369 [WARNI]  5 out of the last 13 calls to <function Model.make_predict_function.<locals>.predict_function at 0x7fbbb603a790> triggered tf.function retracing. Tracing is expensive and the excessive number of tracings could be due to (1) creating @tf.function repeatedly in a loop, (2) passing tensors with different shapes, (3) passing Python objects instead of tensors. For (1), please define your @tf.function outside of the loop. For (2), @tf.function has reduce_retracing=True option that can avoid unnecessary retracing. For (3), please refer to https://www.tensorflow.org/guide/function#controlling_retracing and https://www.tensorflow.org/api_docs/python/tf/function for  more details.
2022-12-10 18:00:55,445 [WARNI]  Compiled the loaded model, but the compiled metrics have yet to be built. `model.compile_metrics` will be empty until you train or evaluate the model.
2022-12-10 18:01:25,821 [WARNI]  Compiled the loaded model, but the compiled metrics have yet to be built. `model.compile_metrics` will be empty until you train or evaluate the model.
2022-12-10 18:01:51,056 [WARNI]  Compiled the loaded model, but the compiled metrics have yet to be built. `model.compile_metrics` will be empty until you train or evaluate the model.
2022-12-10 18:02:11,878 [INFO ]  Best fitness: [1532.5, 1355.0, 1175.5, 1107.0, 1091.0, 1080.0]
2022-12-10 18:02:12,485 [INFO ]  Generation 14 done in 259.3867461681366 seconds
2022-12-10 18:02:12,485 [INFO ]  Generation 15
2022-12-10 18:04:46,995 [WARNI]  Compiled the loaded model, but the compiled metrics have yet to be built. `model.compile_metrics` will be empty until you train or evaluate the model.
2022-12-10 18:06:14,579 [INFO ]  Best fitness: [1304.0, 1146.0, 1133.0, 1038.0, 1025.5, 1023.0]
2022-12-10 18:06:15,247 [INFO ]  Generation 15 done in 242.76152968406677 seconds
2022-12-10 18:06:15,247 [INFO ]  Generation 16
2022-12-10 18:09:06,183 [WARNI]  Compiled the loaded model, but the compiled metrics have yet to be built. `model.compile_metrics` will be empty until you train or evaluate the model.
2022-12-10 18:09:57,590 [INFO ]  Best fitness: [1249.0, 1165.0, 1027.5, 1009.5, 984.5, 953.5]
2022-12-10 18:09:58,329 [INFO ]  Generation 16 done in 223.08239102363586 seconds
2022-12-10 18:09:58,329 [INFO ]  Generation 17
2022-12-10 18:13:53,828 [WARNI]  Compiled the loaded model, but the compiled metrics have yet to be built. `model.compile_metrics` will be empty until you train or evaluate the model.
2022-12-10 18:14:35,568 [WARNI]  Compiled the loaded model, but the compiled metrics have yet to be built. `model.compile_metrics` will be empty until you train or evaluate the model.
2022-12-10 18:14:36,946 [INFO ]  Best fitness: [1252.0, 1198.5, 1169.0, 1138.5, 1084.5, 1072.5]
2022-12-10 18:14:37,772 [INFO ]  Generation 17 done in 279.44302773475647 seconds
2022-12-10 18:14:37,773 [INFO ]  Generation 18
2022-12-10 18:18:10,659 [WARNI]  Compiled the loaded model, but the compiled metrics have yet to be built. `model.compile_metrics` will be empty until you train or evaluate the model.
2022-12-10 18:18:11,968 [WARNI]  Compiled the loaded model, but the compiled metrics have yet to be built. `model.compile_metrics` will be empty until you train or evaluate the model.
2022-12-10 18:19:20,538 [INFO ]  Best fitness: [1281.0, 1229.5, 1187.0, 1130.0, 1129.5, 1073.5]
2022-12-10 18:19:21,446 [INFO ]  Generation 18 done in 283.6735632419586 seconds
2022-12-10 18:19:21,446 [INFO ]  Generation 19
2022-12-10 18:21:18,161 [WARNI]  5 out of the last 61 calls to <function Model.make_predict_function.<locals>.predict_function at 0x7fbbb6c9af70> triggered tf.function retracing. Tracing is expensive and the excessive number of tracings could be due to (1) creating @tf.function repeatedly in a loop, (2) passing tensors with different shapes, (3) passing Python objects instead of tensors. For (1), please define your @tf.function outside of the loop. For (2), @tf.function has reduce_retracing=True option that can avoid unnecessary retracing. For (3), please refer to https://www.tensorflow.org/guide/function#controlling_retracing and https://www.tensorflow.org/api_docs/python/tf/function for  more details.
2022-12-10 18:23:50,541 [WARNI]  Compiled the loaded model, but the compiled metrics have yet to be built. `model.compile_metrics` will be empty until you train or evaluate the model.
2022-12-10 18:23:51,835 [INFO ]  Best fitness: [1251.0, 1220.5, 1216.0, 1145.0, 1120.5, 1101.5]
2022-12-10 18:23:52,823 [INFO ]  Generation 19 done in 271.3770215511322 seconds
2022-12-10 18:23:52,824 [INFO ]  Generation 20
2022-12-10 18:25:48,402 [WARNI]  5 out of the last 61 calls to <function Model.make_predict_function.<locals>.predict_function at 0x7fbbb6aee9d0> triggered tf.function retracing. Tracing is expensive and the excessive number of tracings could be due to (1) creating @tf.function repeatedly in a loop, (2) passing tensors with different shapes, (3) passing Python objects instead of tensors. For (1), please define your @tf.function outside of the loop. For (2), @tf.function has reduce_retracing=True option that can avoid unnecessary retracing. For (3), please refer to https://www.tensorflow.org/guide/function#controlling_retracing and https://www.tensorflow.org/api_docs/python/tf/function for  more details.
2022-12-10 18:29:01,054 [INFO ]  Best fitness: [1233.5, 1225.0, 1155.5, 1147.5, 1139.5, 1133.0]
2022-12-10 18:29:01,993 [INFO ]  Generation 20 done in 309.16939425468445 seconds
2022-12-10 18:29:01,993 [INFO ]  Generation 21
2022-12-10 18:34:36,239 [INFO ]  Best fitness: [1207.0, 1183.5, 1155.5, 1117.0, 1115.5, 1092.5]
2022-12-10 18:34:37,237 [INFO ]  Generation 21 done in 335.244087934494 seconds
2022-12-10 18:34:37,237 [INFO ]  Generation 22
2022-12-10 18:37:13,532 [WARNI]  5 out of the last 22 calls to <function Model.make_predict_function.<locals>.predict_function at 0x7fbbb6721430> triggered tf.function retracing. Tracing is expensive and the excessive number of tracings could be due to (1) creating @tf.function repeatedly in a loop, (2) passing tensors with different shapes, (3) passing Python objects instead of tensors. For (1), please define your @tf.function outside of the loop. For (2), @tf.function has reduce_retracing=True option that can avoid unnecessary retracing. For (3), please refer to https://www.tensorflow.org/guide/function#controlling_retracing and https://www.tensorflow.org/api_docs/python/tf/function for  more details.
2022-12-10 18:37:18,210 [WARNI]  Compiled the loaded model, but the compiled metrics have yet to be built. `model.compile_metrics` will be empty until you train or evaluate the model.
2022-12-10 18:39:04,330 [INFO ]  Best fitness: [1360.5, 1222.0, 1158.5, 1104.5, 1095.5, 1079.5]
2022-12-10 18:39:05,402 [INFO ]  Generation 22 done in 268.16407012939453 seconds
2022-12-10 18:39:05,402 [INFO ]  Generation 23
2022-12-10 18:44:40,020 [WARNI]  Compiled the loaded model, but the compiled metrics have yet to be built. `model.compile_metrics` will be empty until you train or evaluate the model.
2022-12-10 18:44:41,674 [INFO ]  Best fitness: [1257.5, 1200.0, 1192.5, 1169.5, 1159.5, 1149.5]
2022-12-10 18:44:42,835 [INFO ]  Generation 23 done in 337.43289709091187 seconds
2022-12-10 18:44:42,835 [INFO ]  Generation 24
2022-12-10 18:49:12,099 [INFO ]  Best fitness: [1100.5, 1059.0, 1048.0, 1029.5, 1006.5, 998.5]
2022-12-10 18:49:13,337 [INFO ]  Generation 24 done in 270.5025124549866 seconds
2022-12-10 18:49:13,337 [INFO ]  Generation 25
2022-12-10 18:55:32,582 [INFO ]  Best fitness: [1186.5, 1175.0, 1165.5, 1071.0, 1070.0, 1063.5]
2022-12-10 18:55:33,907 [INFO ]  Generation 25 done in 380.56943345069885 seconds
2022-12-10 18:55:33,907 [INFO ]  Generation 26
2022-12-10 19:00:49,243 [INFO ]  Best fitness: [1233.5, 1216.0, 1155.0, 1126.0, 1123.5, 1116.5]
2022-12-10 19:00:50,672 [INFO ]  Generation 26 done in 316.7646667957306 seconds
2022-12-10 19:00:50,672 [INFO ]  Generation 27
2022-12-10 19:04:59,207 [INFO ]  Best fitness: [1147.5, 1129.5, 1069.5, 1037.5, 979.5, 972.0]
2022-12-10 19:05:00,738 [INFO ]  Generation 27 done in 250.06580519676208 seconds
2022-12-10 19:05:00,738 [INFO ]  Generation 28
2022-12-10 19:09:22,963 [WARNI]  Compiled the loaded model, but the compiled metrics have yet to be built. `model.compile_metrics` will be empty until you train or evaluate the model.
2022-12-10 19:09:52,167 [INFO ]  Best fitness: [1318.0, 1212.0, 1185.5, 1123.0, 1106.5, 1068.5]
2022-12-10 19:09:53,786 [INFO ]  Generation 28 done in 293.0479414463043 seconds
2022-12-10 19:09:53,786 [INFO ]  Generation 29
2022-12-10 19:14:30,671 [INFO ]  Best fitness: [1217.5, 1173.0, 1168.5, 1145.0, 1076.5, 1072.5]
2022-12-10 19:14:32,394 [INFO ]  Generation 29 done in 278.60761642456055 seconds
2022-12-10 19:14:32,394 [INFO ]  Generation 30
2022-12-10 19:19:05,518 [WARNI]  Compiled the loaded model, but the compiled metrics have yet to be built. `model.compile_metrics` will be empty until you train or evaluate the model.
2022-12-10 19:19:40,795 [INFO ]  Best fitness: [1271.0, 1133.5, 1105.0, 1083.0, 1064.0, 1056.0]
2022-12-10 19:19:42,621 [INFO ]  Generation 30 done in 310.2267119884491 seconds
2022-12-10 19:19:42,621 [INFO ]  Generation 31
2022-12-10 19:25:06,860 [INFO ]  Best fitness: [1205.5, 1136.0, 1090.5, 1079.0, 1061.0, 1053.5]
2022-12-10 19:25:08,799 [INFO ]  Generation 31 done in 326.17840123176575 seconds
2022-12-10 19:25:08,799 [INFO ]  Generation 32
2022-12-10 19:29:57,498 [WARNI]  Compiled the loaded model, but the compiled metrics have yet to be built. `model.compile_metrics` will be empty until you train or evaluate the model.
2022-12-10 19:32:03,455 [INFO ]  Best fitness: [1351.0, 1243.5, 1195.5, 1192.5, 1170.5, 1129.0]
2022-12-10 19:32:05,513 [INFO ]  Generation 32 done in 416.714049577713 seconds
2022-12-10 19:32:05,514 [INFO ]  Generation 33
2022-12-10 19:36:36,364 [WARNI]  Compiled the loaded model, but the compiled metrics have yet to be built. `model.compile_metrics` will be empty until you train or evaluate the model.
2022-12-10 19:36:48,441 [WARNI]  Compiled the loaded model, but the compiled metrics have yet to be built. `model.compile_metrics` will be empty until you train or evaluate the model.
2022-12-10 19:36:55,034 [WARNI]  Compiled the loaded model, but the compiled metrics have yet to be built. `model.compile_metrics` will be empty until you train or evaluate the model.
2022-12-10 19:37:57,879 [INFO ]  Best fitness: [1360.0, 1300.0, 1243.0, 1189.0, 1170.0, 1163.0]
2022-12-10 19:38:00,049 [INFO ]  Generation 33 done in 354.5348756313324 seconds
2022-12-10 19:38:00,049 [INFO ]  Generation 34
2022-12-10 19:44:26,327 [INFO ]  Best fitness: [1243.5, 1149.0, 1141.0, 1116.0, 1114.5, 1106.5]
2022-12-10 19:44:28,616 [INFO ]  Generation 34 done in 388.56685161590576 seconds
2022-12-10 19:44:28,616 [INFO ]  Generation 35
2022-12-10 19:51:01,551 [INFO ]  Best fitness: [1239.0, 1213.5, 1181.5, 1132.0, 1123.5, 1114.5]
2022-12-10 19:51:03,972 [INFO ]  Generation 35 done in 395.3563013076782 seconds
2022-12-10 19:51:03,972 [INFO ]  Generation 36
2022-12-10 19:56:44,892 [WARNI]  Compiled the loaded model, but the compiled metrics have yet to be built. `model.compile_metrics` will be empty until you train or evaluate the model.
2022-12-10 19:57:19,150 [WARNI]  Compiled the loaded model, but the compiled metrics have yet to be built. `model.compile_metrics` will be empty until you train or evaluate the model.
2022-12-10 19:58:01,263 [INFO ]  Best fitness: [1292.0, 1278.0, 1235.0, 1192.5, 1182.0, 1118.0]
2022-12-10 19:58:03,796 [INFO ]  Generation 36 done in 419.82378101348877 seconds
2022-12-10 19:58:03,796 [INFO ]  Generation 37
2022-12-10 20:05:30,383 [INFO ]  Best fitness: [1219.0, 1189.5, 1189.5, 1171.0, 1169.5, 1151.0]
2022-12-10 20:05:33,036 [INFO ]  Generation 37 done in 449.23979330062866 seconds
2022-12-10 20:05:33,036 [INFO ]  Generation 38
2022-12-10 20:10:59,299 [WARNI]  Compiled the loaded model, but the compiled metrics have yet to be built. `model.compile_metrics` will be empty until you train or evaluate the model.
2022-12-10 20:12:49,068 [INFO ]  Best fitness: [1284.5, 1183.5, 1178.5, 1171.5, 1092.0, 1078.5]
2022-12-10 20:12:51,866 [INFO ]  Generation 38 done in 438.8294322490692 seconds
2022-12-10 20:12:51,866 [INFO ]  Generation 39
2022-12-10 20:19:43,320 [INFO ]  Best fitness: [1261.0, 1227.0, 1187.0, 1138.5, 1120.5, 1110.0]
2022-12-10 20:19:46,250 [INFO ]  Generation 39 done in 414.38452339172363 seconds
2022-12-10 20:19:46,251 [INFO ]  Generation 40
2022-12-10 20:26:26,404 [INFO ]  Best fitness: [1190.5, 1112.5, 1085.0, 1082.5, 1057.0, 1049.0]
2022-12-10 20:26:29,466 [INFO ]  Generation 40 done in 403.2153627872467 seconds
2022-12-10 20:26:29,466 [INFO ]  Generation 41
2022-12-10 20:32:00,465 [WARNI]  Compiled the loaded model, but the compiled metrics have yet to be built. `model.compile_metrics` will be empty until you train or evaluate the model.
2022-12-10 20:32:43,187 [INFO ]  Best fitness: [1326.5, 1262.0, 1221.5, 1167.5, 1163.5, 1118.0]
2022-12-10 20:32:46,405 [INFO ]  Generation 41 done in 376.9384753704071 seconds
2022-12-10 20:32:46,405 [INFO ]  Generation 42
2022-12-10 20:38:36,552 [INFO ]  Best fitness: [1139.5, 1122.5, 1097.5, 1082.0, 1073.0, 1042.5]
2022-12-10 20:38:39,880 [INFO ]  Generation 42 done in 353.47550559043884 seconds
2022-12-10 20:38:39,880 [INFO ]  Generation 43
2022-12-10 20:43:10,712 [INFO ]  Best fitness: [1169.0, 1100.0, 1086.0, 1068.5, 1050.0, 1049.0]
2022-12-10 20:43:14,201 [INFO ]  Generation 43 done in 274.3205900192261 seconds
2022-12-10 20:43:14,201 [INFO ]  Generation 44
2022-12-10 20:47:35,490 [WARNI]  Compiled the loaded model, but the compiled metrics have yet to be built. `model.compile_metrics` will be empty until you train or evaluate the model.
2022-12-10 20:49:07,628 [INFO ]  Best fitness: [1309.0, 1215.5, 1207.0, 1192.5, 1178.5, 1125.0]
2022-12-10 20:49:11,269 [INFO ]  Generation 44 done in 357.0673842430115 seconds
2022-12-10 20:49:11,269 [INFO ]  Generation 45
2022-12-10 20:55:17,844 [INFO ]  Best fitness: [1170.5, 1157.0, 1157.0, 1147.5, 1143.0, 1098.5]
2022-12-10 20:55:21,645 [INFO ]  Generation 45 done in 370.37582874298096 seconds
2022-12-10 20:55:21,645 [INFO ]  Generation 46
2022-12-10 20:59:19,751 [WARNI]  Compiled the loaded model, but the compiled metrics have yet to be built. `model.compile_metrics` will be empty until you train or evaluate the model.
2022-12-10 21:00:48,181 [INFO ]  Best fitness: [1338.0, 1204.0, 1185.0, 1152.5, 1085.5, 1077.5]
2022-12-10 21:00:52,133 [INFO ]  Generation 46 done in 330.4880676269531 seconds
2022-12-10 21:00:52,133 [INFO ]  Generation 47
2022-12-10 21:04:51,613 [WARNI]  Compiled the loaded model, but the compiled metrics have yet to be built. `model.compile_metrics` will be empty until you train or evaluate the model.
2022-12-10 21:06:52,808 [INFO ]  Best fitness: [1307.0, 1197.0, 1151.0, 1133.5, 1075.5, 1060.5]
2022-12-10 21:06:56,947 [INFO ]  Generation 47 done in 364.81416845321655 seconds
2022-12-10 21:06:56,947 [INFO ]  Generation 48
